# JRE version: Java(TM) SE Runtime Environment (8.0_221-b11) (build 1.8.0_221-b11)
# Java VM: Java HotSpot(TM) 64-Bit Server VM (25.221-b11 mixed mode windows-amd64 compressed oops)
Heap:
 PSYoungGen      total 137728K, used 43740K [0x00000000d5d80000, 0x00000000e0d00000, 0x0000000100000000)
  eden space 130048K, 28% used [0x00000000d5d80000,0x00000000d81b9580,0x00000000ddc80000)
  from space 7680K, 86% used [0x00000000de800000,0x00000000dee7daf8,0x00000000def80000)
  to   space 11776K, 0% used [0x00000000ddc80000,0x00000000ddc80000,0x00000000de800000)
 ParOldGen       total 73216K, used 14925K [0x0000000081800000, 0x0000000085f80000, 0x00000000d5d80000)
  object space 73216K, 20% used [0x0000000081800000,0x00000000826935a0,0x0000000085f80000)
 Metaspace       used 42991K, capacity 44652K, committed 44928K, reserved 1087488K
  class space    used 5618K, capacity 5924K, committed 6016K, reserved 1048576K
GC Heap History (10 events):
Event: 3.556 GC heap before
{Heap before GC invocations=8 (full 1):
 PSYoungGen      total 120320K, used 120063K [0x00000000d5d80000, 0x00000000def80000, 0x0000000100000000)
  eden space 112640K, 100% used [0x00000000d5d80000,0x00000000dcb80000,0x00000000dcb80000)
  from space 7680K, 96% used [0x00000000de800000,0x00000000def3ff68,0x00000000def80000)
  to   space 8704K, 0% used [0x00000000dde80000,0x00000000dde80000,0x00000000de700000)
 ParOldGen       total 51712K, used 5739K [0x0000000081800000, 0x0000000084a80000, 0x00000000d5d80000)
  object space 51712K, 11% used [0x0000000081800000,0x0000000081d9aee8,0x0000000084a80000)
 Metaspace       used 33856K, capacity 34900K, committed 35072K, reserved 1079296K
  class space    used 4328K, capacity 4580K, committed 4608K, reserved 1048576K
Event: 3.572 GC heap after
Heap after GC invocations=8 (full 1):
 PSYoungGen      total 121344K, used 8696K [0x00000000d5d80000, 0x00000000def80000, 0x0000000100000000)
  eden space 112640K, 0% used [0x00000000d5d80000,0x00000000d5d80000,0x00000000dcb80000)
  from space 8704K, 99% used [0x00000000dde80000,0x00000000de6fe0f0,0x00000000de700000)
  to   space 7680K, 0% used [0x00000000de800000,0x00000000de800000,0x00000000def80000)
 ParOldGen       total 51712K, used 10848K [0x0000000081800000, 0x0000000084a80000, 0x00000000d5d80000)
  object space 51712K, 20% used [0x0000000081800000,0x00000000822983f8,0x0000000084a80000)
 Metaspace       used 33856K, capacity 34900K, committed 35072K, reserved 1079296K
  class space    used 4328K, capacity 4580K, committed 4608K, reserved 1048576K
}
Event: 3.605 GC heap before
{Heap before GC invocations=9 (full 1):
 PSYoungGen      total 121344K, used 12227K [0x00000000d5d80000, 0x00000000def80000, 0x0000000100000000)
  eden space 112640K, 3% used [0x00000000d5d80000,0x00000000d60f2b58,0x00000000dcb80000)
  from space 8704K, 99% used [0x00000000dde80000,0x00000000de6fe0f0,0x00000000de700000)
  to   space 7680K, 0% used [0x00000000de800000,0x00000000de800000,0x00000000def80000)
 ParOldGen       total 51712K, used 10848K [0x0000000081800000, 0x0000000084a80000, 0x00000000d5d80000)
  object space 51712K, 20% used [0x0000000081800000,0x00000000822983f8,0x0000000084a80000)
 Metaspace       used 34255K, capacity 35284K, committed 35416K, reserved 1081344K
  class space    used 4365K, capacity 4580K, committed 4608K, reserved 1048576K
Event: 3.613 GC heap after
Heap after GC invocations=9 (full 1):
 PSYoungGen      total 120320K, used 7648K [0x00000000d5d80000, 0x00000000def80000, 0x0000000100000000)
  eden space 112640K, 0% used [0x00000000d5d80000,0x00000000d5d80000,0x00000000dcb80000)
  from space 7680K, 99% used [0x00000000de800000,0x00000000def780a0,0x00000000def80000)
  to   space 8704K, 0% used [0x00000000dde80000,0x00000000dde80000,0x00000000de700000)
 ParOldGen       total 51712K, used 11981K [0x0000000081800000, 0x0000000084a80000, 0x00000000d5d80000)
  object space 51712K, 23% used [0x0000000081800000,0x00000000823b3448,0x0000000084a80000)
 Metaspace       used 34255K, capacity 35284K, committed 35416K, reserved 1081344K
  class space    used 4365K, capacity 4580K, committed 4608K, reserved 1048576K
}
Event: 3.613 GC heap before
{Heap before GC invocations=10 (full 2):
 PSYoungGen      total 120320K, used 7648K [0x00000000d5d80000, 0x00000000def80000, 0x0000000100000000)
  eden space 112640K, 0% used [0x00000000d5d80000,0x00000000d5d80000,0x00000000dcb80000)
  from space 7680K, 99% used [0x00000000de800000,0x00000000def780a0,0x00000000def80000)
  to   space 8704K, 0% used [0x00000000dde80000,0x00000000dde80000,0x00000000de700000)
 ParOldGen       total 51712K, used 11981K [0x0000000081800000, 0x0000000084a80000, 0x00000000d5d80000)
  object space 51712K, 23% used [0x0000000081800000,0x00000000823b3448,0x0000000084a80000)
 Metaspace       used 34255K, capacity 35284K, committed 35416K, reserved 1081344K
  class space    used 4365K, capacity 4580K, committed 4608K, reserved 1048576K
Event: 3.677 GC heap after
Heap after GC invocations=10 (full 2):
 PSYoungGen      total 120320K, used 0K [0x00000000d5d80000, 0x00000000def80000, 0x0000000100000000)
  eden space 112640K, 0% used [0x00000000d5d80000,0x00000000d5d80000,0x00000000dcb80000)
  from space 7680K, 0% used [0x00000000de800000,0x00000000de800000,0x00000000def80000)
  to   space 8704K, 0% used [0x00000000dde80000,0x00000000dde80000,0x00000000de700000)
 ParOldGen       total 73216K, used 14909K [0x0000000081800000, 0x0000000085f80000, 0x00000000d5d80000)
  object space 73216K, 20% used [0x0000000081800000,0x000000008268f5a0,0x0000000085f80000)
 Metaspace       used 34255K, capacity 35284K, committed 35416K, reserved 1081344K
  class space    used 4365K, capacity 4580K, committed 4608K, reserved 1048576K
}
Event: 4.812 GC heap before
{Heap before GC invocations=11 (full 2):
 PSYoungGen      total 120320K, used 112640K [0x00000000d5d80000, 0x00000000def80000, 0x0000000100000000)
  eden space 112640K, 100% used [0x00000000d5d80000,0x00000000dcb80000,0x00000000dcb80000)
  from space 7680K, 0% used [0x00000000de800000,0x00000000de800000,0x00000000def80000)
  to   space 8704K, 0% used [0x00000000dde80000,0x00000000dde80000,0x00000000de700000)
 ParOldGen       total 73216K, used 14909K [0x0000000081800000, 0x0000000085f80000, 0x00000000d5d80000)
  object space 73216K, 20% used [0x0000000081800000,0x000000008268f5a0,0x0000000085f80000)
 Metaspace       used 38604K, capacity 40086K, committed 40320K, reserved 1085440K
  class space    used 4941K, capacity 5211K, committed 5248K, reserved 1048576K
Event: 4.818 GC heap after
Heap after GC invocations=11 (full 2):
 PSYoungGen      total 121344K, used 6731K [0x00000000d5d80000, 0x00000000def80000, 0x0000000100000000)
  eden space 112640K, 0% used [0x00000000d5d80000,0x00000000d5d80000,0x00000000dcb80000)
  from space 8704K, 77% used [0x00000000dde80000,0x00000000de512e88,0x00000000de700000)
  to   space 7680K, 0% used [0x00000000de800000,0x00000000de800000,0x00000000def80000)
 ParOldGen       total 73216K, used 14917K [0x0000000081800000, 0x0000000085f80000, 0x00000000d5d80000)
  object space 73216K, 20% used [0x0000000081800000,0x00000000826915a0,0x0000000085f80000)
 Metaspace       used 38604K, capacity 40086K, committed 40320K, reserved 1085440K
  class space    used 4941K, capacity 5211K, committed 5248K, reserved 1048576K
}
Event: 5.524 GC heap before
{Heap before GC invocations=12 (full 2):
 PSYoungGen      total 121344K, used 119371K [0x00000000d5d80000, 0x00000000def80000, 0x0000000100000000)
  eden space 112640K, 100% used [0x00000000d5d80000,0x00000000dcb80000,0x00000000dcb80000)
  from space 8704K, 77% used [0x00000000dde80000,0x00000000de512e88,0x00000000de700000)
  to   space 7680K, 0% used [0x00000000de800000,0x00000000de800000,0x00000000def80000)
 ParOldGen       total 73216K, used 14917K [0x0000000081800000, 0x0000000085f80000, 0x00000000d5d80000)
  object space 73216K, 20% used [0x0000000081800000,0x00000000826915a0,0x0000000085f80000)
 Metaspace       used 40519K, capacity 42170K, committed 42496K, reserved 1085440K
  class space    used 5205K, capacity 5505K, committed 5632K, reserved 1048576K
Event: 5.530 GC heap after
Heap after GC invocations=12 (full 2):
 PSYoungGen      total 137728K, used 6646K [0x00000000d5d80000, 0x00000000e0d00000, 0x0000000100000000)
  eden space 130048K, 0% used [0x00000000d5d80000,0x00000000d5d80000,0x00000000ddc80000)
  from space 7680K, 86% used [0x00000000de800000,0x00000000dee7daf8,0x00000000def80000)
  to   space 11776K, 0% used [0x00000000ddc80000,0x00000000ddc80000,0x00000000de800000)
 ParOldGen       total 73216K, used 14925K [0x0000000081800000, 0x0000000085f80000, 0x00000000d5d80000)
  object space 73216K, 20% used [0x0000000081800000,0x00000000826935a0,0x0000000085f80000)
 Metaspace       used 40519K, capacity 42170K, committed 42496K, reserved 1085440K
  class space    used 5205K, capacity 5505K, committed 5632K, reserved 1048576K
}

