# JRE version: Java(TM) SE Runtime Environment (8.0_221-b11) (build 1.8.0_221-b11)
# Java VM: Java HotSpot(TM) 64-Bit Server VM (25.221-b11 mixed mode windows-amd64 compressed oops)
Heap:
 PSYoungGen      total 137216K, used 12326K [0x00000000d5d80000, 0x00000000e0280000, 0x0000000100000000)
  eden space 129536K, 3% used [0x00000000d5d80000,0x00000000d620d9c8,0x00000000ddc00000)
  from space 7680K, 99% used [0x00000000de800000,0x00000000def7c020,0x00000000def80000)
  to   space 12288K, 0% used [0x00000000ddc00000,0x00000000ddc00000,0x00000000de800000)
 ParOldGen       total 52224K, used 16212K [0x0000000081800000, 0x0000000084b00000, 0x00000000d5d80000)
  object space 52224K, 31% used [0x0000000081800000,0x00000000827d50a0,0x0000000084b00000)
 Metaspace       used 40498K, capacity 42162K, committed 42368K, reserved 1085440K
  class space    used 5200K, capacity 5503K, committed 5504K, reserved 1048576K
GC Heap History (10 events):
Event: 3.802 GC heap before
{Heap before GC invocations=8 (full 1):
 PSYoungGen      total 117760K, used 117375K [0x00000000d5d80000, 0x00000000def80000, 0x0000000100000000)
  eden space 110080K, 100% used [0x00000000d5d80000,0x00000000dc900000,0x00000000dc900000)
  from space 7680K, 94% used [0x00000000de800000,0x00000000def1ff88,0x00000000def80000)
  to   space 8704K, 0% used [0x00000000dde80000,0x00000000dde80000,0x00000000de700000)
 ParOldGen       total 52224K, used 5718K [0x0000000081800000, 0x0000000084b00000, 0x00000000d5d80000)
  object space 52224K, 10% used [0x0000000081800000,0x0000000081d95bf8,0x0000000084b00000)
 Metaspace       used 33714K, capacity 34804K, committed 35072K, reserved 1079296K
  class space    used 4298K, capacity 4548K, committed 4608K, reserved 1048576K
Event: 3.816 GC heap after
Heap after GC invocations=8 (full 1):
 PSYoungGen      total 118784K, used 8703K [0x00000000d5d80000, 0x00000000def80000, 0x0000000100000000)
  eden space 110080K, 0% used [0x00000000d5d80000,0x00000000d5d80000,0x00000000dc900000)
  from space 8704K, 99% used [0x00000000dde80000,0x00000000de6ffcf0,0x00000000de700000)
  to   space 7680K, 0% used [0x00000000de800000,0x00000000de800000,0x00000000def80000)
 ParOldGen       total 52224K, used 10684K [0x0000000081800000, 0x0000000084b00000, 0x00000000d5d80000)
  object space 52224K, 20% used [0x0000000081800000,0x000000008226f020,0x0000000084b00000)
 Metaspace       used 33714K, capacity 34804K, committed 35072K, reserved 1079296K
  class space    used 4298K, capacity 4548K, committed 4608K, reserved 1048576K
}
Event: 3.872 GC heap before
{Heap before GC invocations=9 (full 1):
 PSYoungGen      total 118784K, used 13797K [0x00000000d5d80000, 0x00000000def80000, 0x0000000100000000)
  eden space 110080K, 4% used [0x00000000d5d80000,0x00000000d62798b8,0x00000000dc900000)
  from space 8704K, 99% used [0x00000000dde80000,0x00000000de6ffcf0,0x00000000de700000)
  to   space 7680K, 0% used [0x00000000de800000,0x00000000de800000,0x00000000def80000)
 ParOldGen       total 52224K, used 10684K [0x0000000081800000, 0x0000000084b00000, 0x00000000d5d80000)
  object space 52224K, 20% used [0x0000000081800000,0x000000008226f020,0x0000000084b00000)
 Metaspace       used 34291K, capacity 35284K, committed 35416K, reserved 1081344K
  class space    used 4366K, capacity 4580K, committed 4608K, reserved 1048576K
Event: 3.879 GC heap after
Heap after GC invocations=9 (full 1):
 PSYoungGen      total 117760K, used 7668K [0x00000000d5d80000, 0x00000000def80000, 0x0000000100000000)
  eden space 110080K, 0% used [0x00000000d5d80000,0x00000000d5d80000,0x00000000dc900000)
  from space 7680K, 99% used [0x00000000de800000,0x00000000def7d0b0,0x00000000def80000)
  to   space 8704K, 0% used [0x00000000dde80000,0x00000000dde80000,0x00000000de700000)
 ParOldGen       total 52224K, used 12113K [0x0000000081800000, 0x0000000084b00000, 0x00000000d5d80000)
  object space 52224K, 23% used [0x0000000081800000,0x00000000823d46f8,0x0000000084b00000)
 Metaspace       used 34291K, capacity 35284K, committed 35416K, reserved 1081344K
  class space    used 4366K, capacity 4580K, committed 4608K, reserved 1048576K
}
Event: 3.879 GC heap before
{Heap before GC invocations=10 (full 2):
 PSYoungGen      total 117760K, used 7668K [0x00000000d5d80000, 0x00000000def80000, 0x0000000100000000)
  eden space 110080K, 0% used [0x00000000d5d80000,0x00000000d5d80000,0x00000000dc900000)
  from space 7680K, 99% used [0x00000000de800000,0x00000000def7d0b0,0x00000000def80000)
  to   space 8704K, 0% used [0x00000000dde80000,0x00000000dde80000,0x00000000de700000)
 ParOldGen       total 52224K, used 12113K [0x0000000081800000, 0x0000000084b00000, 0x00000000d5d80000)
  object space 52224K, 23% used [0x0000000081800000,0x00000000823d46f8,0x0000000084b00000)
 Metaspace       used 34291K, capacity 35284K, committed 35416K, reserved 1081344K
  class space    used 4366K, capacity 4580K, committed 4608K, reserved 1048576K
Event: 3.966 GC heap after
Heap after GC invocations=10 (full 2):
 PSYoungGen      total 117760K, used 0K [0x00000000d5d80000, 0x00000000def80000, 0x0000000100000000)
  eden space 110080K, 0% used [0x00000000d5d80000,0x00000000d5d80000,0x00000000dc900000)
  from space 7680K, 0% used [0x00000000de800000,0x00000000de800000,0x00000000def80000)
  to   space 8704K, 0% used [0x00000000dde80000,0x00000000dde80000,0x00000000de700000)
 ParOldGen       total 52224K, used 14248K [0x0000000081800000, 0x0000000084b00000, 0x00000000d5d80000)
  object space 52224K, 27% used [0x0000000081800000,0x00000000825ea1e8,0x0000000084b00000)
 Metaspace       used 34291K, capacity 35284K, committed 35416K, reserved 1081344K
  class space    used 4366K, capacity 4580K, committed 4608K, reserved 1048576K
}
Event: 4.910 GC heap before
{Heap before GC invocations=11 (full 2):
 PSYoungGen      total 117760K, used 110080K [0x00000000d5d80000, 0x00000000def80000, 0x0000000100000000)
  eden space 110080K, 100% used [0x00000000d5d80000,0x00000000dc900000,0x00000000dc900000)
  from space 7680K, 0% used [0x00000000de800000,0x00000000de800000,0x00000000def80000)
  to   space 8704K, 0% used [0x00000000dde80000,0x00000000dde80000,0x00000000de700000)
 ParOldGen       total 52224K, used 14248K [0x0000000081800000, 0x0000000084b00000, 0x00000000d5d80000)
  object space 52224K, 27% used [0x0000000081800000,0x00000000825ea1e8,0x0000000084b00000)
 Metaspace       used 38616K, capacity 40086K, committed 40320K, reserved 1085440K
  class space    used 4942K, capacity 5211K, committed 5248K, reserved 1048576K
Event: 4.917 GC heap after
Heap after GC invocations=11 (full 2):
 PSYoungGen      total 118784K, used 6725K [0x00000000d5d80000, 0x00000000def80000, 0x0000000100000000)
  eden space 110080K, 0% used [0x00000000d5d80000,0x00000000d5d80000,0x00000000dc900000)
  from space 8704K, 77% used [0x00000000dde80000,0x00000000de511430,0x00000000de700000)
  to   space 7680K, 0% used [0x00000000de800000,0x00000000de800000,0x00000000def80000)
 ParOldGen       total 52224K, used 14256K [0x0000000081800000, 0x0000000084b00000, 0x00000000d5d80000)
  object space 52224K, 27% used [0x0000000081800000,0x00000000825ec1e8,0x0000000084b00000)
 Metaspace       used 38616K, capacity 40086K, committed 40320K, reserved 1085440K
  class space    used 4942K, capacity 5211K, committed 5248K, reserved 1048576K
}
Event: 5.512 GC heap before
{Heap before GC invocations=12 (full 2):
 PSYoungGen      total 118784K, used 116805K [0x00000000d5d80000, 0x00000000def80000, 0x0000000100000000)
  eden space 110080K, 100% used [0x00000000d5d80000,0x00000000dc900000,0x00000000dc900000)
  from space 8704K, 77% used [0x00000000dde80000,0x00000000de511430,0x00000000de700000)
  to   space 7680K, 0% used [0x00000000de800000,0x00000000de800000,0x00000000def80000)
 ParOldGen       total 52224K, used 14256K [0x0000000081800000, 0x0000000084b00000, 0x00000000d5d80000)
  object space 52224K, 27% used [0x0000000081800000,0x00000000825ec1e8,0x0000000084b00000)
 Metaspace       used 40213K, capacity 41864K, committed 42112K, reserved 1085440K
  class space    used 5164K, capacity 5458K, committed 5504K, reserved 1048576K
Event: 5.519 GC heap after
Heap after GC invocations=12 (full 2):
 PSYoungGen      total 137216K, used 7664K [0x00000000d5d80000, 0x00000000e0280000, 0x0000000100000000)
  eden space 129536K, 0% used [0x00000000d5d80000,0x00000000d5d80000,0x00000000ddc00000)
  from space 7680K, 99% used [0x00000000de800000,0x00000000def7c020,0x00000000def80000)
  to   space 12288K, 0% used [0x00000000ddc00000,0x00000000ddc00000,0x00000000de800000)
 ParOldGen       total 52224K, used 16212K [0x0000000081800000, 0x0000000084b00000, 0x00000000d5d80000)
  object space 52224K, 31% used [0x0000000081800000,0x00000000827d50a0,0x0000000084b00000)
 Metaspace       used 40213K, capacity 41864K, committed 42112K, reserved 1085440K
  class space    used 5164K, capacity 5458K, committed 5504K, reserved 1048576K
}

